<?xml version="1.0" encoding="UTF-8"?>
<!-- Generated by org.testng.reporters.JUnitXMLReporter -->
<testsuite ignored="0" hostname="DESKTOP-LRFV9J8" failures="0" tests="3" name="TestVtiger" time="95.428" errors="0" timestamp="2023-06-27T15:51:07 IST">
  <testcase classname="Login_Module.TestCase_2CreatingOrganization" name="validatingOrganization" time="16.157"/>
  <testcase classname="Login_Module.TestCase_LeadsPage" name="ValidatingLeadsPage" time="18.11"/>
  <testcase classname="Login_Module.TC_DeleteLeads" name="ValidatingDeleteLeads" time="6.534"/>
</testsuite> <!-- TestVtiger -->
